<?xml version="1.0" encoding="UTF-8"?>
<!-- Generated by org.testng.reporters.JUnitReportReporter -->
<testsuite hostname="dn-aavn-ws-126" name="com.mastering.selenium.BasicTestWD" tests="2" failures="0" timestamp="8 Jan 2016 10:26:13 GMT" time="24.989" errors="0">
  <testcase name="googleMilkExample" time="12.343" classname="com.mastering.selenium.BasicTestWD"/>
  <testcase name="googleCheeseExample" time="12.646" classname="com.mastering.selenium.BasicTestWD"/>
</testsuite> <!-- com.mastering.selenium.BasicTestWD -->
