<?xml version="1.0" encoding="UTF-8"?>
<!-- Generated by org.testng.reporters.JUnitReportReporter -->
<testsuite hostname="dn-aavn-ws-126" name="com.mastering.selenium.BasicTestWD" tests="2" failures="0" timestamp="8 Jan 2016 04:12:22 GMT" time="30.217" errors="0">
  <testcase name="googleCheeseExample" time="15.098" classname="com.mastering.selenium.BasicTestWD"/>
  <testcase name="googleMilkExample" time="15.119" classname="com.mastering.selenium.BasicTestWD"/>
</testsuite> <!-- com.mastering.selenium.BasicTestWD -->
